<?xml version="1.0" encoding="UTF-8"?>
<testng-results skipped="0" failed="1" total="15" passed="14">
  <reporter-output>
  </reporter-output>
  <suite name="Suite" duration-ms="60624" started-at="2020-01-05T15:21:13Z" finished-at="2020-01-05T15:22:14Z">
    <groups>
      <group name="Functional">
        <method signature="groups.testCase4()[pri:0, instance:com.annotationtest.groups@43a25848]" name="testCase4" class="com.annotationtest.groups"/>
        <method signature="groups.testCase3()[pri:0, instance:com.annotationtest.groups@43a25848]" name="testCase3" class="com.annotationtest.groups"/>
      </group> <!-- Functional -->
      <group name="Regression">
        <method signature="groups.testCase4()[pri:0, instance:com.annotationtest.groups@43a25848]" name="testCase4" class="com.annotationtest.groups"/>
        <method signature="groups.testCase1()[pri:0, instance:com.annotationtest.groups@43a25848]" name="testCase1" class="com.annotationtest.groups"/>
      </group> <!-- Regression -->
    </groups>
    <test name="Test" duration-ms="60624" started-at="2020-01-05T15:21:13Z" finished-at="2020-01-05T15:22:14Z">
      <class name="com.annotationtest.dependency">
        <test-method status="PASS" signature="testCase3()[pri:0, instance:com.annotationtest.dependency@3ac3fd8b]" name="testCase3" duration-ms="0" started-at="2020-01-05T20:52:14Z" finished-at="2020-01-05T20:52:14Z">
          <reporter-output>
          </reporter-output>
        </test-method> <!-- testCase3 -->
        <test-method status="PASS" signature="testCase2()[pri:0, instance:com.annotationtest.dependency@3ac3fd8b]" name="testCase2" duration-ms="1" started-at="2020-01-05T20:52:14Z" finished-at="2020-01-05T20:52:14Z">
          <reporter-output>
          </reporter-output>
        </test-method> <!-- testCase2 -->
        <test-method status="PASS" signature="testCase1()[pri:0, instance:com.annotationtest.dependency@3ac3fd8b]" name="testCase1" duration-ms="0" started-at="2020-01-05T20:52:14Z" depends-on-methods="com.annotationtest.dependency.testCase3" finished-at="2020-01-05T20:52:14Z">
          <reporter-output>
          </reporter-output>
        </test-method> <!-- testCase1 -->
      </class> <!-- com.annotationtest.dependency -->
      <class name="com.annotationtest.dataprovider">
        <test-method status="PASS" signature="launch()[pri:0, instance:com.annotationtest.dataprovider@5594a1b5]" name="launch" is-config="true" duration-ms="22752" started-at="2020-01-05T20:51:13Z" finished-at="2020-01-05T20:51:36Z">
          <reporter-output>
          </reporter-output>
        </test-method> <!-- launch -->
        <test-method status="PASS" signature="verifylogin(java.lang.String, java.lang.String)[pri:0, instance:com.annotationtest.dataprovider@5594a1b5]" name="verifylogin" duration-ms="17025" started-at="2020-01-05T20:51:36Z" data-provider="verify" finished-at="2020-01-05T20:51:53Z">
          <params>
            <param index="0">
              <value>
                <![CDATA[Admin]]>
              </value>
            </param>
            <param index="1">
              <value>
                <![CDATA[admin123]]>
              </value>
            </param>
          </params>
          <reporter-output>
          </reporter-output>
        </test-method> <!-- verifylogin -->
        <test-method status="PASS" signature="launch()[pri:0, instance:com.annotationtest.dataprovider@5594a1b5]" name="launch" is-config="true" duration-ms="7060" started-at="2020-01-05T20:51:53Z" finished-at="2020-01-05T20:52:00Z">
          <reporter-output>
          </reporter-output>
        </test-method> <!-- launch -->
        <test-method status="FAIL" signature="verifylogin(java.lang.String, java.lang.String)[pri:0, instance:com.annotationtest.dataprovider@5594a1b5]" name="verifylogin" duration-ms="269" started-at="2020-01-05T20:52:00Z" data-provider="verify" finished-at="2020-01-05T20:52:00Z">
          <params>
            <param index="0">
              <value>
                <![CDATA[Admin]]>
              </value>
            </param>
            <param index="1">
              <value>
                <![CDATA[s]]>
              </value>
            </param>
          </params>
          <exception class="org.openqa.selenium.NoSuchWindowException">
            <message>
              <![CDATA[no such window: target window already closed
from unknown error: web view not found
  (Session info: chrome=79.0.3945.88)
Build info: version: '3.11.0', revision: 'e59cfb3', time: '2018-03-11T20:26:55.152Z'
System info: host: 'DESKTOP-US5UP01', ip: '192.168.43.45', os.name: 'Windows 10', os.arch: 'amd64', os.version: '10.0', java.version: '1.8.0_211'
Driver info: org.openqa.selenium.chrome.ChromeDriver
Capabilities {acceptInsecureCerts: false, browserName: chrome, browserVersion: 79.0.3945.88, chrome: {chromedriverVersion: 79.0.3945.36 (3582db32b3389..., userDataDir: C:\Users\PRADAP\AppData\Loc...}, goog:chromeOptions: {debuggerAddress: localhost:1093}, javascriptEnabled: true, networkConnectionEnabled: false, pageLoadStrategy: normal, platform: WINDOWS, platformName: WINDOWS, proxy: Proxy(), setWindowRect: true, strictFileInteractability: false, timeouts: {implicit: 0, pageLoad: 300000, script: 30000}, unhandledPromptBehavior: dismiss and notify}
Session ID: ca3371d3e05af4ece0f6a36e13a1d3c4
*** Element info: {Using=id, value=txtUsername}]]>
            </message>
            <full-stacktrace>
              <![CDATA[org.openqa.selenium.NoSuchWindowException: no such window: target window already closed
from unknown error: web view not found
  (Session info: chrome=79.0.3945.88)
Build info: version: '3.11.0', revision: 'e59cfb3', time: '2018-03-11T20:26:55.152Z'
System info: host: 'DESKTOP-US5UP01', ip: '192.168.43.45', os.name: 'Windows 10', os.arch: 'amd64', os.version: '10.0', java.version: '1.8.0_211'
Driver info: org.openqa.selenium.chrome.ChromeDriver
Capabilities {acceptInsecureCerts: false, browserName: chrome, browserVersion: 79.0.3945.88, chrome: {chromedriverVersion: 79.0.3945.36 (3582db32b3389..., userDataDir: C:\Users\PRADAP\AppData\Loc...}, goog:chromeOptions: {debuggerAddress: localhost:1093}, javascriptEnabled: true, networkConnectionEnabled: false, pageLoadStrategy: normal, platform: WINDOWS, platformName: WINDOWS, proxy: Proxy(), setWindowRect: true, strictFileInteractability: false, timeouts: {implicit: 0, pageLoad: 300000, script: 30000}, unhandledPromptBehavior: dismiss and notify}
Session ID: ca3371d3e05af4ece0f6a36e13a1d3c4
*** Element info: {Using=id, value=txtUsername}
	at sun.reflect.NativeConstructorAccessorImpl.newInstance0(Native Method)
	at sun.reflect.NativeConstructorAccessorImpl.newInstance(NativeConstructorAccessorImpl.java:62)
	at sun.reflect.DelegatingConstructorAccessorImpl.newInstance(DelegatingConstructorAccessorImpl.java:45)
	at java.lang.reflect.Constructor.newInstance(Constructor.java:423)
	at org.openqa.selenium.remote.http.W3CHttpResponseCodec.createException(W3CHttpResponseCodec.java:187)
	at org.openqa.selenium.remote.http.W3CHttpResponseCodec.decode(W3CHttpResponseCodec.java:122)
	at org.openqa.selenium.remote.http.W3CHttpResponseCodec.decode(W3CHttpResponseCodec.java:49)
	at org.openqa.selenium.remote.HttpCommandExecutor.execute(HttpCommandExecutor.java:158)
	at org.openqa.selenium.remote.service.DriverCommandExecutor.execute(DriverCommandExecutor.java:83)
	at org.openqa.selenium.remote.RemoteWebDriver.execute(RemoteWebDriver.java:545)
	at org.openqa.selenium.remote.RemoteWebDriver.findElement(RemoteWebDriver.java:319)
	at org.openqa.selenium.remote.RemoteWebDriver.findElementById(RemoteWebDriver.java:365)
	at org.openqa.selenium.By$ById.findElement(By.java:218)
	at org.openqa.selenium.remote.RemoteWebDriver.findElement(RemoteWebDriver.java:311)
	at com.annotationtest.dataprovider.verifylogin(dataprovider.java:38)
	at sun.reflect.NativeMethodAccessorImpl.invoke0(Native Method)
	at sun.reflect.NativeMethodAccessorImpl.invoke(NativeMethodAccessorImpl.java:62)
	at sun.reflect.DelegatingMethodAccessorImpl.invoke(DelegatingMethodAccessorImpl.java:43)
	at java.lang.reflect.Method.invoke(Method.java:498)
	at org.testng.internal.MethodInvocationHelper.invokeMethod(MethodInvocationHelper.java:80)
	at org.testng.internal.Invoker.invokeMethod(Invoker.java:714)
	at org.testng.internal.Invoker.invokeTestMethod(Invoker.java:901)
	at org.testng.internal.Invoker.invokeTestMethods(Invoker.java:1231)
	at org.testng.internal.TestMethodWorker.invokeTestMethods(TestMethodWorker.java:127)
	at org.testng.internal.TestMethodWorker.run(TestMethodWorker.java:111)
	at org.testng.TestRunner.privateRun(TestRunner.java:767)
	at org.testng.TestRunner.run(TestRunner.java:617)
	at org.testng.SuiteRunner.runTest(SuiteRunner.java:334)
	at org.testng.SuiteRunner.runSequentially(SuiteRunner.java:329)
	at org.testng.SuiteRunner.privateRun(SuiteRunner.java:291)
	at org.testng.SuiteRunner.run(SuiteRunner.java:240)
	at org.testng.SuiteRunnerWorker.runSuite(SuiteRunnerWorker.java:52)
	at org.testng.SuiteRunnerWorker.run(SuiteRunnerWorker.java:86)
	at org.testng.TestNG.runSuitesSequentially(TestNG.java:1198)
	at org.testng.TestNG.runSuitesLocally(TestNG.java:1123)
	at org.testng.TestNG.run(TestNG.java:1031)
	at org.apache.maven.surefire.testng.TestNGExecutor.run(TestNGExecutor.java:295)
	at org.apache.maven.surefire.testng.TestNGXmlTestSuite.execute(TestNGXmlTestSuite.java:84)
	at org.apache.maven.surefire.testng.TestNGProvider.invoke(TestNGProvider.java:90)
	at org.apache.maven.surefire.booter.ForkedBooter.invokeProviderInSameClassLoader(ForkedBooter.java:203)
	at org.apache.maven.surefire.booter.ForkedBooter.runSuitesInProcess(ForkedBooter.java:155)
	at org.apache.maven.surefire.booter.ForkedBooter.main(ForkedBooter.java:103)
]]>
            </full-stacktrace>
          </exception> <!-- org.openqa.selenium.NoSuchWindowException -->
          <reporter-output>
          </reporter-output>
        </test-method> <!-- verifylogin -->
        <test-method status="PASS" signature="launch()[pri:0, instance:com.annotationtest.dataprovider@5594a1b5]" name="launch" is-config="true" duration-ms="9026" started-at="2020-01-05T20:52:00Z" finished-at="2020-01-05T20:52:09Z">
          <reporter-output>
          </reporter-output>
        </test-method> <!-- launch -->
        <test-method status="PASS" signature="verifylogin(java.lang.String, java.lang.String)[pri:0, instance:com.annotationtest.dataprovider@5594a1b5]" name="verifylogin" duration-ms="4448" started-at="2020-01-05T20:52:09Z" data-provider="verify" finished-at="2020-01-05T20:52:14Z">
          <params>
            <param index="0">
              <value>
                <![CDATA[Admin]]>
              </value>
            </param>
            <param index="1">
              <value>
                <![CDATA[admin123]]>
              </value>
            </param>
          </params>
          <reporter-output>
          </reporter-output>
        </test-method> <!-- verifylogin -->
      </class> <!-- com.annotationtest.dataprovider -->
      <class name="com.annotationtest.ignoretest">
        <test-method status="PASS" signature="testcase3()[pri:0, instance:com.annotationtest.ignoretest@1134affc]" name="testcase3" duration-ms="1" started-at="2020-01-05T20:52:14Z" finished-at="2020-01-05T20:52:14Z">
          <reporter-output>
          </reporter-output>
        </test-method> <!-- testcase3 -->
        <test-method status="PASS" signature="testCase1()[pri:0, instance:com.annotationtest.ignoretest@1134affc]" name="testCase1" duration-ms="1" started-at="2020-01-05T20:52:14Z" finished-at="2020-01-05T20:52:14Z">
          <reporter-output>
          </reporter-output>
        </test-method> <!-- testCase1 -->
      </class> <!-- com.annotationtest.ignoretest -->
      <class name="com.annotationtest.annotationn">
        <test-method status="PASS" signature="beforeSuite()[pri:0, instance:com.annotationtest.annotationn@27f674d]" name="beforeSuite" is-config="true" duration-ms="7" started-at="2020-01-05T20:51:13Z" finished-at="2020-01-05T20:51:13Z">
          <reporter-output>
          </reporter-output>
        </test-method> <!-- beforeSuite -->
        <test-method status="PASS" signature="beforeTest()[pri:0, instance:com.annotationtest.annotationn@27f674d]" name="beforeTest" is-config="true" duration-ms="0" started-at="2020-01-05T20:51:13Z" finished-at="2020-01-05T20:51:13Z">
          <reporter-output>
          </reporter-output>
        </test-method> <!-- beforeTest -->
        <test-method status="PASS" signature="beforeClass()[pri:0, instance:com.annotationtest.annotationn@27f674d]" name="beforeClass" is-config="true" duration-ms="1" started-at="2020-01-05T20:52:14Z" finished-at="2020-01-05T20:52:14Z">
          <reporter-output>
          </reporter-output>
        </test-method> <!-- beforeClass -->
        <test-method status="PASS" signature="beforeMethod()[pri:0, instance:com.annotationtest.annotationn@27f674d]" name="beforeMethod" is-config="true" duration-ms="1" started-at="2020-01-05T20:52:14Z" finished-at="2020-01-05T20:52:14Z">
          <reporter-output>
          </reporter-output>
        </test-method> <!-- beforeMethod -->
        <test-method status="PASS" signature="afterMethod()[pri:0, instance:com.annotationtest.annotationn@27f674d]" name="afterMethod" is-config="true" duration-ms="0" started-at="2020-01-05T20:52:14Z" finished-at="2020-01-05T20:52:14Z">
          <reporter-output>
          </reporter-output>
        </test-method> <!-- afterMethod -->
        <test-method status="PASS" signature="testCase1()[pri:0, instance:com.annotationtest.annotationn@27f674d]" name="testCase1" duration-ms="0" started-at="2020-01-05T20:52:14Z" finished-at="2020-01-05T20:52:14Z">
          <reporter-output>
          </reporter-output>
        </test-method> <!-- testCase1 -->
        <test-method status="PASS" signature="beforeMethod()[pri:0, instance:com.annotationtest.annotationn@27f674d]" name="beforeMethod" is-config="true" duration-ms="0" started-at="2020-01-05T20:52:14Z" finished-at="2020-01-05T20:52:14Z">
          <reporter-output>
          </reporter-output>
        </test-method> <!-- beforeMethod -->
        <test-method status="PASS" signature="afterMethod()[pri:0, instance:com.annotationtest.annotationn@27f674d]" name="afterMethod" is-config="true" duration-ms="0" started-at="2020-01-05T20:52:14Z" finished-at="2020-01-05T20:52:14Z">
          <reporter-output>
          </reporter-output>
        </test-method> <!-- afterMethod -->
        <test-method status="PASS" signature="testCase2()[pri:0, instance:com.annotationtest.annotationn@27f674d]" name="testCase2" duration-ms="0" started-at="2020-01-05T20:52:14Z" finished-at="2020-01-05T20:52:14Z">
          <reporter-output>
          </reporter-output>
        </test-method> <!-- testCase2 -->
        <test-method status="PASS" signature="afterClass()[pri:0, instance:com.annotationtest.annotationn@27f674d]" name="afterClass" is-config="true" duration-ms="0" started-at="2020-01-05T20:52:14Z" finished-at="2020-01-05T20:52:14Z">
          <reporter-output>
          </reporter-output>
        </test-method> <!-- afterClass -->
        <test-method status="PASS" signature="afterTest()[pri:0, instance:com.annotationtest.annotationn@27f674d]" name="afterTest" is-config="true" duration-ms="0" started-at="2020-01-05T20:52:14Z" finished-at="2020-01-05T20:52:14Z">
          <reporter-output>
          </reporter-output>
        </test-method> <!-- afterTest -->
        <test-method status="PASS" signature="afterSuite()[pri:0, instance:com.annotationtest.annotationn@27f674d]" name="afterSuite" is-config="true" duration-ms="1" started-at="2020-01-05T20:52:14Z" finished-at="2020-01-05T20:52:14Z">
          <reporter-output>
          </reporter-output>
        </test-method> <!-- afterSuite -->
      </class> <!-- com.annotationtest.annotationn -->
      <class name="com.annotationtest.groups">
        <test-method status="PASS" signature="testCase5()[pri:0, instance:com.annotationtest.groups@43a25848]" name="testCase5" duration-ms="1" started-at="2020-01-05T20:52:14Z" finished-at="2020-01-05T20:52:14Z">
          <reporter-output>
          </reporter-output>
        </test-method> <!-- testCase5 -->
        <test-method status="PASS" signature="testCase4()[pri:0, instance:com.annotationtest.groups@43a25848]" name="testCase4" duration-ms="1" started-at="2020-01-05T20:52:14Z" finished-at="2020-01-05T20:52:14Z">
          <reporter-output>
          </reporter-output>
        </test-method> <!-- testCase4 -->
        <test-method status="PASS" signature="testCase3()[pri:0, instance:com.annotationtest.groups@43a25848]" name="testCase3" duration-ms="0" started-at="2020-01-05T20:52:14Z" finished-at="2020-01-05T20:52:14Z">
          <reporter-output>
          </reporter-output>
        </test-method> <!-- testCase3 -->
        <test-method status="PASS" signature="testCase2()[pri:0, instance:com.annotationtest.groups@43a25848]" name="testCase2" duration-ms="1" started-at="2020-01-05T20:52:14Z" finished-at="2020-01-05T20:52:14Z">
          <reporter-output>
          </reporter-output>
        </test-method> <!-- testCase2 -->
        <test-method status="PASS" signature="testCase1()[pri:0, instance:com.annotationtest.groups@43a25848]" name="testCase1" duration-ms="0" started-at="2020-01-05T20:52:14Z" finished-at="2020-01-05T20:52:14Z">
          <reporter-output>
          </reporter-output>
        </test-method> <!-- testCase1 -->
      </class> <!-- com.annotationtest.groups -->
    </test> <!-- Test -->
  </suite> <!-- Suite -->
</testng-results>
