<?xml version="1.0" encoding="UTF-8"?>
<testng-results skipped="0" failed="0" ignored="0" total="1" passed="1">
  <reporter-output>
  </reporter-output>
  <suite name="Suite" duration-ms="100703" started-at="2020-01-05T15:04:25Z" finished-at="2020-01-05T15:06:06Z">
    <groups>
    </groups>
    <test name="Test" duration-ms="100703" started-at="2020-01-05T15:04:25Z" finished-at="2020-01-05T15:06:06Z">
      <class name="com.annotationtest.parameter">
        <test-method status="PASS" signature="launch()[pri:0, instance:com.annotationtest.parameter@2ef5e5e3]" name="launch" is-config="true" duration-ms="87918" started-at="2020-01-05T20:34:25Z" finished-at="2020-01-05T20:35:53Z">
          <reporter-output>
          </reporter-output>
        </test-method> <!-- launch -->
        <test-method status="PASS" signature="verifylogin(java.lang.String, java.lang.String)[pri:0, instance:com.annotationtest.parameter@2ef5e5e3]" name="verifylogin" duration-ms="12688" started-at="2020-01-05T20:35:53Z" finished-at="2020-01-05T20:36:06Z">
          <params>
            <param index="0">
              <value>
                <![CDATA[Admin]]>
              </value>
            </param>
            <param index="1">
              <value>
                <![CDATA[admin123]]>
              </value>
            </param>
          </params>
          <reporter-output>
          </reporter-output>
        </test-method> <!-- verifylogin -->
      </class> <!-- com.annotationtest.parameter -->
    </test> <!-- Test -->
  </suite> <!-- Suite -->
</testng-results>
